<?xml version="1.0" encoding="UTF-8"?>
<testng-results ignored="0" total="0" passed="0" failed="0" skipped="0">
  <reporter-output>
  </reporter-output>
  <suite started-at="2020-05-25T20:22:19 IST" name="HRM Test Suite" finished-at="2020-05-25T20:22:19 IST" duration-ms="257">
    <groups>
    </groups>
    <test started-at="2020-05-25T20:22:19 IST" name="Pendng leave request test case" finished-at="2020-05-25T20:22:19 IST" duration-ms="40">
    </test> <!-- Pendng leave request test case -->
    <test started-at="2020-05-25T20:22:19 IST" name="Check role test case" finished-at="2020-05-25T20:22:19 IST" duration-ms="5">
    </test> <!-- Check role test case -->
  </suite> <!-- HRM Test Suite -->
</testng-results>
