<?xml version="1.0" encoding="UTF-8"?>
<!-- Generated by org.testng.reporters.JUnitXMLReporter -->
<testsuite ignored="0" hostname="HP" failures="0" tests="6" name="Basi Tests" time="0.41" errors="0" timestamp="2020-06-11T10:17:22 IST">
  <testcase classname="Testngbatch" name="loginemail" time="0.056"/>
  <testcase classname="Testngbatch" name="loginfb" time="0.01"/>
  <testcase classname="Testngbatch" name="logingoogle" time="0.004"/>
  <testcase classname="Signupbatch" name="signu" time="0.01"/>
  <testcase classname="Signupbatch" name="signuemail" time="0.017"/>
  <testcase classname="Signupbatch" name="signufb" time="0.018"/>
</testsuite> <!-- Basi Tests -->
