<?xml version="1.0" encoding="UTF-8"?>
<!-- Generated by org.testng.reporters.JUnitXMLReporter -->
<testsuite ignored="2" hostname="HP" failures="0" tests="1" name="MyTest" time="0.267" errors="0" timestamp="2020-06-13T06:01:31 IST">
  <testcase classname="Grouping" name="feature1" time="0.045"/>
  <testcase classname="Grouping" name="feature2" time="0.0">
    <ignored/>
  </testcase> <!-- feature2 -->
  <testcase classname="Grouping" name="feature3" time="0.0">
    <ignored/>
  </testcase> <!-- feature3 -->
</testsuite> <!-- MyTest -->
