<?xml version="1.0" encoding="UTF-8"?>
<!-- Generated by org.testng.reporters.JUnitXMLReporter -->
<testsuite ignored="0" hostname="HP" failures="1" tests="2" name="Test" time="0.694" errors="0" timestamp="2020-06-13T06:37:55 IST">
  <testcase classname="Reporting" name="credentials" time="0.065">
    <failure type="java.lang.AssertionError" message="expected [MOHIT] but found [mohit]">
      <![CDATA[java.lang.AssertionError: expected [MOHIT] but found [mohit]
at Reporting.credentials(Reporting.java:11)
at java.base/java.util.ArrayList.forEach(Unknown Source)
... Removed 32 stack frames]]>
    </failure>
  </testcase> <!-- credentials -->
  <testcase classname="Reporting" name="login" time="0.007"/>
</testsuite> <!-- Test -->
